<?xml version="1.0" encoding="UTF-8"?>
<!-- Generated by org.testng.reporters.JUnitXMLReporter -->
<testsuite ignored="8" hostname="DESKTOP-3RBOU9C" failures="1" tests="9" name="Test" time="6.688" errors="0" timestamp="2024-02-19T16:43:11 IST">
  <testcase classname="com.spicejet.qa.test.TestBase" name="@BeforeMethod loginTest" time="1.194">
    <failure type="org.openqa.selenium.ElementClickInterceptedException" message="element click intercepted: Element &amp;lt;div class=&amp;quot;css-76zvg2 r-jwli3a r-ubezar&amp;quot; dir=&amp;quot;auto&amp;quot; style=&amp;quot;font-family: inherit; border: 3px solid red;&amp;quot;&amp;gt;...&amp;lt;/div&amp;gt; is not clickable at point (1280, 30). Other element would receive the click: &amp;lt;div class=&amp;quot;css-1dbjc4n r-18u37iz r-1wtj0ep r-184en5c&amp;quot; style=&amp;quot;top: 5px;&amp;quot;&amp;gt;...&amp;lt;/div&amp;gt;
  (Session info: chrome=121.0.6167.162)
Build info: version: &amp;apos;4.16.1&amp;apos;, revision: &amp;apos;9b4c83354e&amp;apos;
System info: os.name: &amp;apos;Windows 11&amp;apos;, os.arch: &amp;apos;amd64&amp;apos;, os.version: &amp;apos;10.0&amp;apos;, java.version: &amp;apos;17.0.3&amp;apos;
Driver info: org.openqa.selenium.chrome.ChromeDriver
Command: [e24fe563394aea4a643952a64a3cc388, clickElement {id=31A08950015A5DE14AACD4B660533494_element_274}]
Capabilities {acceptInsecureCerts: false, browserName: chrome, browserVersion: 121.0.6167.162, chrome: {chromedriverVersion: 121.0.6167.184 (057a8ae7deb..., userDataDir: C:\Users\User\AppData\Local...}, fedcm:accounts: true, goog:chromeOptions: {debuggerAddress: localhost:56768}, networkConnectionEnabled: false, pageLoadStrategy: normal, platformName: windows, proxy: Proxy(), se:cdp: ws://localhost:56768/devtoo..., se:cdpVersion: 121.0.6167.162, setWindowRect: true, strictFileInteractability: false, timeouts: {implicit: 0, pageLoad: 300000, script: 30000}, unhandledPromptBehavior: dismiss and notify, webauthn:extension:credBlob: true, webauthn:extension:largeBlob: true, webauthn:extension:minPinLength: true, webauthn:extension:prf: true, webauthn:virtualAuthenticators: true}
Element: [[ChromeDriver: chrome on windows (e24fe563394aea4a643952a64a3cc388)] -&amp;gt; xpath: //div[text()=&amp;apos;Login&amp;apos;]]
Session ID: e24fe563394aea4a643952a64a3cc388">
      <![CDATA[org.openqa.selenium.ElementClickInterceptedException: element click intercepted: Element <div class="css-76zvg2 r-jwli3a r-ubezar" dir="auto" style="font-family: inherit; border: 3px solid red;">...</div> is not clickable at point (1280, 30). Other element would receive the click: <div class="css-1dbjc4n r-18u37iz r-1wtj0ep r-184en5c" style="top: 5px;">...</div>
  (Session info: chrome=121.0.6167.162)
Build info: version: '4.16.1', revision: '9b4c83354e'
System info: os.name: 'Windows 11', os.arch: 'amd64', os.version: '10.0', java.version: '17.0.3'
Driver info: org.openqa.selenium.chrome.ChromeDriver
Command: [e24fe563394aea4a643952a64a3cc388, clickElement {id=31A08950015A5DE14AACD4B660533494_element_274}]
Capabilities {acceptInsecureCerts: false, browserName: chrome, browserVersion: 121.0.6167.162, chrome: {chromedriverVersion: 121.0.6167.184 (057a8ae7deb..., userDataDir: C:\Users\User\AppData\Local...}, fedcm:accounts: true, goog:chromeOptions: {debuggerAddress: localhost:56768}, networkConnectionEnabled: false, pageLoadStrategy: normal, platformName: windows, proxy: Proxy(), se:cdp: ws://localhost:56768/devtoo..., se:cdpVersion: 121.0.6167.162, setWindowRect: true, strictFileInteractability: false, timeouts: {implicit: 0, pageLoad: 300000, script: 30000}, unhandledPromptBehavior: dismiss and notify, webauthn:extension:credBlob: true, webauthn:extension:largeBlob: true, webauthn:extension:minPinLength: true, webauthn:extension:prf: true, webauthn:virtualAuthenticators: true}
Element: [[ChromeDriver: chrome on windows (e24fe563394aea4a643952a64a3cc388)] -> xpath: //div[text()='Login']]
Session ID: e24fe563394aea4a643952a64a3cc388
at org.openqa.selenium.remote.codec.w3c.W3CHttpResponseCodec.createException(W3CHttpResponseCodec.java:200)
at org.openqa.selenium.remote.codec.w3c.W3CHttpResponseCodec.decode(W3CHttpResponseCodec.java:133)
at org.openqa.selenium.remote.codec.w3c.W3CHttpResponseCodec.decode(W3CHttpResponseCodec.java:52)
at org.openqa.selenium.remote.HttpCommandExecutor.execute(HttpCommandExecutor.java:191)
at org.openqa.selenium.remote.service.DriverCommandExecutor.invokeExecute(DriverCommandExecutor.java:200)
at org.openqa.selenium.remote.service.DriverCommandExecutor.execute(DriverCommandExecutor.java:175)
at org.openqa.selenium.remote.RemoteWebDriver.execute(RemoteWebDriver.java:523)
at org.openqa.selenium.remote.RemoteWebElement.execute(RemoteWebElement.java:224)
at org.openqa.selenium.remote.RemoteWebElement.click(RemoteWebElement.java:77)
at org.openqa.selenium.support.pagefactory.internal.LocatingElementHandler.invoke(LocatingElementHandler.java:51)
at jdk.proxy2/jdk.proxy2.$Proxy16.click(Unknown Source)
at com.spicejet.qa.util.Util.clickElement(Util.java:430)
at com.spicejet.qa.page.LoginLogout.login(LoginLogout.java:36)
at com.spicejet.qa.test.TestBase.loginTest(TestBase.java:38)
at java.base/java.util.ArrayList.forEach(ArrayList.java:1511)
... Removed 40 stack frames]]>
    </failure>
  </testcase> <!-- @BeforeMethod loginTest -->
  <testcase classname="com.spicejet.qa.test.TestBase" name="@AfterMethod logOut" time="-1.708341188011E9">
    <skipped/>
  </testcase> <!-- @AfterMethod logOut -->
  <testcase classname="com.spicejet.qa.test.TestBase" name="@BeforeMethod loginTest" time="-1.708341188011E9">
    <skipped/>
  </testcase> <!-- @BeforeMethod loginTest -->
  <testcase classname="com.spicejet.qa.test.TestBase" name="@AfterMethod logOut" time="-1.708341188027E9">
    <skipped/>
  </testcase> <!-- @AfterMethod logOut -->
  <testcase classname="com.spicejet.qa.test.TestBase" name="@BeforeMethod loginTest" time="-1.708341188027E9">
    <skipped/>
  </testcase> <!-- @BeforeMethod loginTest -->
  <testcase classname="com.spicejet.qa.test.TestBase" name="@AfterMethod logOut" time="-1.708341188401E9">
    <skipped/>
  </testcase> <!-- @AfterMethod logOut -->
  <testcase classname="com.spicejet.qa.test.TestBase" name="@BeforeMethod loginTest" time="1.211">
    <failure type="org.openqa.selenium.ElementClickInterceptedException" message="element click intercepted: Element &amp;lt;div class=&amp;quot;css-76zvg2 r-jwli3a r-ubezar&amp;quot; dir=&amp;quot;auto&amp;quot; style=&amp;quot;font-family: inherit; border: 3px solid red;&amp;quot;&amp;gt;...&amp;lt;/div&amp;gt; is not clickable at point (1280, 30). Other element would receive the click: &amp;lt;div class=&amp;quot;css-1dbjc4n r-18u37iz r-1wtj0ep r-184en5c&amp;quot; style=&amp;quot;top: 5px;&amp;quot;&amp;gt;...&amp;lt;/div&amp;gt;
  (Session info: chrome=121.0.6167.162)
Build info: version: &amp;apos;4.16.1&amp;apos;, revision: &amp;apos;9b4c83354e&amp;apos;
System info: os.name: &amp;apos;Windows 11&amp;apos;, os.arch: &amp;apos;amd64&amp;apos;, os.version: &amp;apos;10.0&amp;apos;, java.version: &amp;apos;17.0.3&amp;apos;
Driver info: org.openqa.selenium.chrome.ChromeDriver
Command: [e24fe563394aea4a643952a64a3cc388, clickElement {id=31A08950015A5DE14AACD4B660533494_element_274}]
Capabilities {acceptInsecureCerts: false, browserName: chrome, browserVersion: 121.0.6167.162, chrome: {chromedriverVersion: 121.0.6167.184 (057a8ae7deb..., userDataDir: C:\Users\User\AppData\Local...}, fedcm:accounts: true, goog:chromeOptions: {debuggerAddress: localhost:56768}, networkConnectionEnabled: false, pageLoadStrategy: normal, platformName: windows, proxy: Proxy(), se:cdp: ws://localhost:56768/devtoo..., se:cdpVersion: 121.0.6167.162, setWindowRect: true, strictFileInteractability: false, timeouts: {implicit: 0, pageLoad: 300000, script: 30000}, unhandledPromptBehavior: dismiss and notify, webauthn:extension:credBlob: true, webauthn:extension:largeBlob: true, webauthn:extension:minPinLength: true, webauthn:extension:prf: true, webauthn:virtualAuthenticators: true}
Element: [[ChromeDriver: chrome on windows (e24fe563394aea4a643952a64a3cc388)] -&amp;gt; xpath: //div[text()=&amp;apos;Login&amp;apos;]]
Session ID: e24fe563394aea4a643952a64a3cc388">
      <![CDATA[org.openqa.selenium.ElementClickInterceptedException: element click intercepted: Element <div class="css-76zvg2 r-jwli3a r-ubezar" dir="auto" style="font-family: inherit; border: 3px solid red;">...</div> is not clickable at point (1280, 30). Other element would receive the click: <div class="css-1dbjc4n r-18u37iz r-1wtj0ep r-184en5c" style="top: 5px;">...</div>
  (Session info: chrome=121.0.6167.162)
Build info: version: '4.16.1', revision: '9b4c83354e'
System info: os.name: 'Windows 11', os.arch: 'amd64', os.version: '10.0', java.version: '17.0.3'
Driver info: org.openqa.selenium.chrome.ChromeDriver
Command: [e24fe563394aea4a643952a64a3cc388, clickElement {id=31A08950015A5DE14AACD4B660533494_element_274}]
Capabilities {acceptInsecureCerts: false, browserName: chrome, browserVersion: 121.0.6167.162, chrome: {chromedriverVersion: 121.0.6167.184 (057a8ae7deb..., userDataDir: C:\Users\User\AppData\Local...}, fedcm:accounts: true, goog:chromeOptions: {debuggerAddress: localhost:56768}, networkConnectionEnabled: false, pageLoadStrategy: normal, platformName: windows, proxy: Proxy(), se:cdp: ws://localhost:56768/devtoo..., se:cdpVersion: 121.0.6167.162, setWindowRect: true, strictFileInteractability: false, timeouts: {implicit: 0, pageLoad: 300000, script: 30000}, unhandledPromptBehavior: dismiss and notify, webauthn:extension:credBlob: true, webauthn:extension:largeBlob: true, webauthn:extension:minPinLength: true, webauthn:extension:prf: true, webauthn:virtualAuthenticators: true}
Element: [[ChromeDriver: chrome on windows (e24fe563394aea4a643952a64a3cc388)] -> xpath: //div[text()='Login']]
Session ID: e24fe563394aea4a643952a64a3cc388
at org.openqa.selenium.remote.codec.w3c.W3CHttpResponseCodec.createException(W3CHttpResponseCodec.java:200)
at org.openqa.selenium.remote.codec.w3c.W3CHttpResponseCodec.decode(W3CHttpResponseCodec.java:133)
at org.openqa.selenium.remote.codec.w3c.W3CHttpResponseCodec.decode(W3CHttpResponseCodec.java:52)
at org.openqa.selenium.remote.HttpCommandExecutor.execute(HttpCommandExecutor.java:191)
at org.openqa.selenium.remote.service.DriverCommandExecutor.invokeExecute(DriverCommandExecutor.java:200)
at org.openqa.selenium.remote.service.DriverCommandExecutor.execute(DriverCommandExecutor.java:175)
at org.openqa.selenium.remote.RemoteWebDriver.execute(RemoteWebDriver.java:523)
at org.openqa.selenium.remote.RemoteWebElement.execute(RemoteWebElement.java:224)
at org.openqa.selenium.remote.RemoteWebElement.click(RemoteWebElement.java:77)
at org.openqa.selenium.support.pagefactory.internal.LocatingElementHandler.invoke(LocatingElementHandler.java:51)
at jdk.proxy2/jdk.proxy2.$Proxy16.click(Unknown Source)
at com.spicejet.qa.util.Util.clickElement(Util.java:430)
at com.spicejet.qa.page.LoginLogout.login(LoginLogout.java:36)
at com.spicejet.qa.test.TestBase.loginTest(TestBase.java:38)
at java.base/java.util.ArrayList.forEach(ArrayList.java:1511)
... Removed 40 stack frames]]>
    </failure>
  </testcase> <!-- @BeforeMethod loginTest -->
  <testcase classname="com.spicejet.qa.test.TestBase" name="@AfterMethod logOut" time="-1.708341189632E9">
    <skipped/>
  </testcase> <!-- @AfterMethod logOut -->
  <testcase classname="com.spicejet.qa.test.TestBase" name="@BeforeMethod loginTest" time="1.13">
    <failure type="org.openqa.selenium.ElementClickInterceptedException" message="element click intercepted: Element &amp;lt;div class=&amp;quot;css-76zvg2 r-jwli3a r-ubezar&amp;quot; dir=&amp;quot;auto&amp;quot; style=&amp;quot;font-family: inherit; border: 3px solid red;&amp;quot;&amp;gt;...&amp;lt;/div&amp;gt; is not clickable at point (1280, 30). Other element would receive the click: &amp;lt;div class=&amp;quot;css-1dbjc4n r-18u37iz r-1wtj0ep r-184en5c&amp;quot; style=&amp;quot;top: 5px;&amp;quot;&amp;gt;...&amp;lt;/div&amp;gt;
  (Session info: chrome=121.0.6167.162)
Build info: version: &amp;apos;4.16.1&amp;apos;, revision: &amp;apos;9b4c83354e&amp;apos;
System info: os.name: &amp;apos;Windows 11&amp;apos;, os.arch: &amp;apos;amd64&amp;apos;, os.version: &amp;apos;10.0&amp;apos;, java.version: &amp;apos;17.0.3&amp;apos;
Driver info: org.openqa.selenium.chrome.ChromeDriver
Command: [e24fe563394aea4a643952a64a3cc388, clickElement {id=31A08950015A5DE14AACD4B660533494_element_274}]
Capabilities {acceptInsecureCerts: false, browserName: chrome, browserVersion: 121.0.6167.162, chrome: {chromedriverVersion: 121.0.6167.184 (057a8ae7deb..., userDataDir: C:\Users\User\AppData\Local...}, fedcm:accounts: true, goog:chromeOptions: {debuggerAddress: localhost:56768}, networkConnectionEnabled: false, pageLoadStrategy: normal, platformName: windows, proxy: Proxy(), se:cdp: ws://localhost:56768/devtoo..., se:cdpVersion: 121.0.6167.162, setWindowRect: true, strictFileInteractability: false, timeouts: {implicit: 0, pageLoad: 300000, script: 30000}, unhandledPromptBehavior: dismiss and notify, webauthn:extension:credBlob: true, webauthn:extension:largeBlob: true, webauthn:extension:minPinLength: true, webauthn:extension:prf: true, webauthn:virtualAuthenticators: true}
Element: [[ChromeDriver: chrome on windows (e24fe563394aea4a643952a64a3cc388)] -&amp;gt; xpath: //div[text()=&amp;apos;Login&amp;apos;]]
Session ID: e24fe563394aea4a643952a64a3cc388">
      <![CDATA[org.openqa.selenium.ElementClickInterceptedException: element click intercepted: Element <div class="css-76zvg2 r-jwli3a r-ubezar" dir="auto" style="font-family: inherit; border: 3px solid red;">...</div> is not clickable at point (1280, 30). Other element would receive the click: <div class="css-1dbjc4n r-18u37iz r-1wtj0ep r-184en5c" style="top: 5px;">...</div>
  (Session info: chrome=121.0.6167.162)
Build info: version: '4.16.1', revision: '9b4c83354e'
System info: os.name: 'Windows 11', os.arch: 'amd64', os.version: '10.0', java.version: '17.0.3'
Driver info: org.openqa.selenium.chrome.ChromeDriver
Command: [e24fe563394aea4a643952a64a3cc388, clickElement {id=31A08950015A5DE14AACD4B660533494_element_274}]
Capabilities {acceptInsecureCerts: false, browserName: chrome, browserVersion: 121.0.6167.162, chrome: {chromedriverVersion: 121.0.6167.184 (057a8ae7deb..., userDataDir: C:\Users\User\AppData\Local...}, fedcm:accounts: true, goog:chromeOptions: {debuggerAddress: localhost:56768}, networkConnectionEnabled: false, pageLoadStrategy: normal, platformName: windows, proxy: Proxy(), se:cdp: ws://localhost:56768/devtoo..., se:cdpVersion: 121.0.6167.162, setWindowRect: true, strictFileInteractability: false, timeouts: {implicit: 0, pageLoad: 300000, script: 30000}, unhandledPromptBehavior: dismiss and notify, webauthn:extension:credBlob: true, webauthn:extension:largeBlob: true, webauthn:extension:minPinLength: true, webauthn:extension:prf: true, webauthn:virtualAuthenticators: true}
Element: [[ChromeDriver: chrome on windows (e24fe563394aea4a643952a64a3cc388)] -> xpath: //div[text()='Login']]
Session ID: e24fe563394aea4a643952a64a3cc388
at org.openqa.selenium.remote.codec.w3c.W3CHttpResponseCodec.createException(W3CHttpResponseCodec.java:200)
at org.openqa.selenium.remote.codec.w3c.W3CHttpResponseCodec.decode(W3CHttpResponseCodec.java:133)
at org.openqa.selenium.remote.codec.w3c.W3CHttpResponseCodec.decode(W3CHttpResponseCodec.java:52)
at org.openqa.selenium.remote.HttpCommandExecutor.execute(HttpCommandExecutor.java:191)
at org.openqa.selenium.remote.service.DriverCommandExecutor.invokeExecute(DriverCommandExecutor.java:200)
at org.openqa.selenium.remote.service.DriverCommandExecutor.execute(DriverCommandExecutor.java:175)
at org.openqa.selenium.remote.RemoteWebDriver.execute(RemoteWebDriver.java:523)
at org.openqa.selenium.remote.RemoteWebElement.execute(RemoteWebElement.java:224)
at org.openqa.selenium.remote.RemoteWebElement.click(RemoteWebElement.java:77)
at org.openqa.selenium.support.pagefactory.internal.LocatingElementHandler.invoke(LocatingElementHandler.java:51)
at jdk.proxy2/jdk.proxy2.$Proxy16.click(Unknown Source)
at com.spicejet.qa.util.Util.clickElement(Util.java:430)
at com.spicejet.qa.page.LoginLogout.login(LoginLogout.java:36)
at com.spicejet.qa.test.TestBase.loginTest(TestBase.java:38)
at java.base/java.util.ArrayList.forEach(ArrayList.java:1511)
... Removed 40 stack frames]]>
    </failure>
  </testcase> <!-- @BeforeMethod loginTest -->
  <testcase classname="com.spicejet.qa.test.TestBase" name="@AfterMethod logOut" time="-1.708341190763E9">
    <skipped/>
  </testcase> <!-- @AfterMethod logOut -->
  <testcase classname="com.spicejet.qa.test.TestBase" name="@BeforeMethod loginTest" time="1.103">
    <failure type="org.openqa.selenium.ElementClickInterceptedException" message="element click intercepted: Element &amp;lt;div class=&amp;quot;css-76zvg2 r-jwli3a r-ubezar&amp;quot; dir=&amp;quot;auto&amp;quot; style=&amp;quot;font-family: inherit; border: 3px solid red;&amp;quot;&amp;gt;...&amp;lt;/div&amp;gt; is not clickable at point (1280, 30). Other element would receive the click: &amp;lt;div class=&amp;quot;css-1dbjc4n r-18u37iz r-1wtj0ep r-184en5c&amp;quot; style=&amp;quot;top: 5px;&amp;quot;&amp;gt;...&amp;lt;/div&amp;gt;
  (Session info: chrome=121.0.6167.162)
Build info: version: &amp;apos;4.16.1&amp;apos;, revision: &amp;apos;9b4c83354e&amp;apos;
System info: os.name: &amp;apos;Windows 11&amp;apos;, os.arch: &amp;apos;amd64&amp;apos;, os.version: &amp;apos;10.0&amp;apos;, java.version: &amp;apos;17.0.3&amp;apos;
Driver info: org.openqa.selenium.chrome.ChromeDriver
Command: [e24fe563394aea4a643952a64a3cc388, clickElement {id=31A08950015A5DE14AACD4B660533494_element_274}]
Capabilities {acceptInsecureCerts: false, browserName: chrome, browserVersion: 121.0.6167.162, chrome: {chromedriverVersion: 121.0.6167.184 (057a8ae7deb..., userDataDir: C:\Users\User\AppData\Local...}, fedcm:accounts: true, goog:chromeOptions: {debuggerAddress: localhost:56768}, networkConnectionEnabled: false, pageLoadStrategy: normal, platformName: windows, proxy: Proxy(), se:cdp: ws://localhost:56768/devtoo..., se:cdpVersion: 121.0.6167.162, setWindowRect: true, strictFileInteractability: false, timeouts: {implicit: 0, pageLoad: 300000, script: 30000}, unhandledPromptBehavior: dismiss and notify, webauthn:extension:credBlob: true, webauthn:extension:largeBlob: true, webauthn:extension:minPinLength: true, webauthn:extension:prf: true, webauthn:virtualAuthenticators: true}
Element: [[ChromeDriver: chrome on windows (e24fe563394aea4a643952a64a3cc388)] -&amp;gt; xpath: //div[text()=&amp;apos;Login&amp;apos;]]
Session ID: e24fe563394aea4a643952a64a3cc388">
      <![CDATA[org.openqa.selenium.ElementClickInterceptedException: element click intercepted: Element <div class="css-76zvg2 r-jwli3a r-ubezar" dir="auto" style="font-family: inherit; border: 3px solid red;">...</div> is not clickable at point (1280, 30). Other element would receive the click: <div class="css-1dbjc4n r-18u37iz r-1wtj0ep r-184en5c" style="top: 5px;">...</div>
  (Session info: chrome=121.0.6167.162)
Build info: version: '4.16.1', revision: '9b4c83354e'
System info: os.name: 'Windows 11', os.arch: 'amd64', os.version: '10.0', java.version: '17.0.3'
Driver info: org.openqa.selenium.chrome.ChromeDriver
Command: [e24fe563394aea4a643952a64a3cc388, clickElement {id=31A08950015A5DE14AACD4B660533494_element_274}]
Capabilities {acceptInsecureCerts: false, browserName: chrome, browserVersion: 121.0.6167.162, chrome: {chromedriverVersion: 121.0.6167.184 (057a8ae7deb..., userDataDir: C:\Users\User\AppData\Local...}, fedcm:accounts: true, goog:chromeOptions: {debuggerAddress: localhost:56768}, networkConnectionEnabled: false, pageLoadStrategy: normal, platformName: windows, proxy: Proxy(), se:cdp: ws://localhost:56768/devtoo..., se:cdpVersion: 121.0.6167.162, setWindowRect: true, strictFileInteractability: false, timeouts: {implicit: 0, pageLoad: 300000, script: 30000}, unhandledPromptBehavior: dismiss and notify, webauthn:extension:credBlob: true, webauthn:extension:largeBlob: true, webauthn:extension:minPinLength: true, webauthn:extension:prf: true, webauthn:virtualAuthenticators: true}
Element: [[ChromeDriver: chrome on windows (e24fe563394aea4a643952a64a3cc388)] -> xpath: //div[text()='Login']]
Session ID: e24fe563394aea4a643952a64a3cc388
at org.openqa.selenium.remote.codec.w3c.W3CHttpResponseCodec.createException(W3CHttpResponseCodec.java:200)
at org.openqa.selenium.remote.codec.w3c.W3CHttpResponseCodec.decode(W3CHttpResponseCodec.java:133)
at org.openqa.selenium.remote.codec.w3c.W3CHttpResponseCodec.decode(W3CHttpResponseCodec.java:52)
at org.openqa.selenium.remote.HttpCommandExecutor.execute(HttpCommandExecutor.java:191)
at org.openqa.selenium.remote.service.DriverCommandExecutor.invokeExecute(DriverCommandExecutor.java:200)
at org.openqa.selenium.remote.service.DriverCommandExecutor.execute(DriverCommandExecutor.java:175)
at org.openqa.selenium.remote.RemoteWebDriver.execute(RemoteWebDriver.java:523)
at org.openqa.selenium.remote.RemoteWebElement.execute(RemoteWebElement.java:224)
at org.openqa.selenium.remote.RemoteWebElement.click(RemoteWebElement.java:77)
at org.openqa.selenium.support.pagefactory.internal.LocatingElementHandler.invoke(LocatingElementHandler.java:51)
at jdk.proxy2/jdk.proxy2.$Proxy16.click(Unknown Source)
at com.spicejet.qa.util.Util.clickElement(Util.java:430)
at com.spicejet.qa.page.LoginLogout.login(LoginLogout.java:36)
at com.spicejet.qa.test.TestBase.loginTest(TestBase.java:38)
at java.base/java.util.ArrayList.forEach(ArrayList.java:1511)
... Removed 40 stack frames]]>
    </failure>
  </testcase> <!-- @BeforeMethod loginTest -->
  <testcase classname="com.spicejet.qa.test.TestBase" name="@AfterMethod logOut" time="-1.708341191871E9">
    <skipped/>
  </testcase> <!-- @AfterMethod logOut -->
  <testcase classname="com.spicejet.qa.test.LoginPageTest" name="loginPageTest" time="0.005">
    <skipped/>
  </testcase> <!-- loginPageTest -->
  <testcase classname="com.spicejet.qa.test.LoginPageTest" name="loginPageTest" time="0.0">
    <skipped/>
  </testcase> <!-- loginPageTest -->
  <testcase classname="com.spicejet.qa.test.LoginPageTest" name="loginPageTest" time="0.0">
    <skipped/>
  </testcase> <!-- loginPageTest -->
  <testcase classname="com.spicejet.qa.test.LoginPageTest" name="loginPageTest" time="0.0">
    <failure type="java.lang.ArithmeticException" message="/ by zero">
      <![CDATA[java.lang.ArithmeticException: / by zero
at com.spicejet.qa.test.LoginPageTest.loginPageTest(LoginPageTest.java:23)
at java.base/java.util.ArrayList.forEach(ArrayList.java:1511)
... Removed 27 stack frames]]>
    </failure>
  </testcase> <!-- loginPageTest -->
  <testcase classname="com.spicejet.qa.test.HomePageTest" name="vaidateHomePageTitle" time="0.0">
    <skipped/>
  </testcase> <!-- vaidateHomePageTitle -->
  <testcase classname="com.spicejet.qa.test.SpiceHolidayPageTest" name="f" time="0.0"/>
  <testcase classname="com.spicejet.qa.test.TaxiPageTest" name="TGG" time="0.0">
    <skipped/>
  </testcase> <!-- TGG -->
  <testcase classname="com.spicejet.qa.test.CargoPageTest" name="cargotest" time="0.0">
    <skipped/>
  </testcase> <!-- cargotest -->
  <testcase classname="com.spicejet.qa.test.GiftCardPageTest" name="f" time="0.0"/>
  <testcase classname="com.spicejet.qa.test.TestBase" name="@BeforeSuite setUp" time="0.0">
    <ignored/>
  </testcase> <!-- @BeforeSuite setUp -->
  <testcase classname="com.spicejet.qa.test.TestBase" name="@BeforeSuite setUp" time="0.0">
    <ignored/>
  </testcase> <!-- @BeforeSuite setUp -->
  <testcase classname="com.spicejet.qa.test.TestBase" name="@BeforeSuite setUp" time="0.0">
    <ignored/>
  </testcase> <!-- @BeforeSuite setUp -->
  <testcase classname="com.spicejet.qa.test.TestBase" name="@BeforeSuite setUp" time="0.0">
    <ignored/>
  </testcase> <!-- @BeforeSuite setUp -->
  <testcase classname="com.spicejet.qa.test.TestBase" name="@AfterSuite BreakDown" time="0.0">
    <ignored/>
  </testcase> <!-- @AfterSuite BreakDown -->
  <testcase classname="com.spicejet.qa.test.TestBase" name="@AfterSuite BreakDown" time="0.0">
    <ignored/>
  </testcase> <!-- @AfterSuite BreakDown -->
  <testcase classname="com.spicejet.qa.test.TestBase" name="@AfterSuite BreakDown" time="0.0">
    <ignored/>
  </testcase> <!-- @AfterSuite BreakDown -->
  <testcase classname="com.spicejet.qa.test.TestBase" name="@AfterSuite BreakDown" time="0.0">
    <ignored/>
  </testcase> <!-- @AfterSuite BreakDown -->
</testsuite> <!-- Test -->
